\BOOKMARK [1][-]{section.1}{Teori}{}% 1
\BOOKMARK [2][-]{subsection.1.1}{Redokstitrering og Jodometri}{section.1}% 2
\BOOKMARK [3][-]{subsubsection.1.1.1}{Instilling av standard}{subsection.1.1}% 3
\BOOKMARK [3][-]{subsubsection.1.1.2}{Potensielle bireaksjoner ved jodometrisk titrering}{subsection.1.1}% 4
\BOOKMARK [2][-]{subsection.1.2}{Utvidet spesialoppgave}{section.1}% 5
\BOOKMARK [3][-]{subsubsection.1.2.1}{Alternativ klassisk metode}{subsection.1.2}% 6
\BOOKMARK [3][-]{subsubsection.1.2.2}{Alternativ instrumentell metode}{subsection.1.2}% 7
\BOOKMARK [3][-]{subsubsection.1.2.3}{Alternative bruksomr\345der for iodometrisk titrering}{subsection.1.2}% 8
\BOOKMARK [1][-]{section.2}{Eksperimentelt}{}% 9
\BOOKMARK [2][-]{subsection.2.1}{Preparering og standardisering av natriumtiosulfatl\370sning}{section.2}% 10
\BOOKMARK [2][-]{subsection.2.2}{Bestemmelse av kobber i ukjent pr\370ve}{section.2}% 11
\BOOKMARK [1][-]{section.3}{Resultater}{}% 12
\BOOKMARK [2][-]{subsection.3.1}{Innstilling av standard}{section.3}% 13
\BOOKMARK [2][-]{subsection.3.2}{Bestemmelse av kobber i ukjent pr\370ve}{section.3}% 14
\BOOKMARK [1][-]{section.4}{Diskusjon}{}% 15
\BOOKMARK [2][-]{subsection.4.1}{Standardisering av natriumtiosulfatl\370sning}{section.4}% 16
\BOOKMARK [2][-]{subsection.4.2}{Bestemmelse av kobberinnhold}{section.4}% 17
\BOOKMARK [2][-]{subsection.4.3}{Utvidet spesialoppgave}{section.4}% 18
\BOOKMARK [3][-]{subsubsection.4.3.1}{Feilkilder for avvik fra fasit}{subsection.4.3}% 19
\BOOKMARK [3][-]{subsubsection.4.3.2}{Feilkilder for alternativ klassisk metode}{subsection.4.3}% 20
\BOOKMARK [3][-]{subsubsection.4.3.3}{Feilkilder for alternativ instrumentell metode}{subsection.4.3}% 21
\BOOKMARK [3][-]{subsubsection.4.3.4}{Sammenligning opp mot alternative metoder}{subsection.4.3}% 22
